<?xml version="1.0" encoding="UTF-8"?>
<!-- Generated by org.testng.reporters.JUnitReportReporter -->
<testsuite hostname="LAPTOP-J8L6OFVJ" failures="0" tests="1" name="Test1.TestNG" time="12.411" errors="0" timestamp="21 Jan 2021 13:51:44 GMT" skipped="0">
  <testcase classname="Test1.TestNG" name="Hackerrank" time="12.411"/>
</testsuite> <!-- Test1.TestNG -->
