<?xml version="1.0" encoding="UTF-8"?>
<!-- Generated by org.testng.reporters.JUnitReportReporter -->
<testsuite hostname="LAPTOP-J8L6OFVJ" failures="0" tests="1" name="Test1.ExtentReport_TestNG" time="11.438" errors="0" timestamp="20 Jan 2021 11:32:11 GMT" skipped="0">
  <testcase classname="Test1.ExtentReport_TestNG" name="test1" time="11.438"/>
</testsuite> <!-- Test1.ExtentReport_TestNG -->
